[29/09/17:13:43]: Starting GLFW 3.2.1 X11 GLX EGL clock_gettime /dev/js Xf86vm shared
[29/09/17:13:43]: GL Context Params:
[29/09/17:13:43]: GL_MAX_COMBINED_TEXTURE_IMAGE_UNITS 0
[29/09/17:13:43]: GL_MAX_CUBE_MAP_TEXTURE_SIZE 0
[29/09/17:13:43]: GL_MAX_DRAW_BUFFERS 0
[29/09/17:13:43]: GL_MAX_FRAGMENT_UNIFORM_COMPONENTS 0
[29/09/17:13:43]: GL_MAX_TEXTURE_IMAGE_UNITS 0
[29/09/17:13:43]: GL_MAX_TEXTURE_SIZE 0
[29/09/17:13:43]: GL_MAX_VARYING_FLOATS 0
[29/09/17:13:43]: GL_MAX_VERTEX_ATTRIBS 0
[29/09/17:13:43]: GL_MAX_VERTEX_TEXTURE_IMAGE_UNITS 0
[29/09/17:13:43]: GL_MAX_VERTEX_UNIFORM_COMPONENTS 0
[29/09/17:13:43]: GL_MAX_VIEWPORT_DIMS 0 0
[29/09/17:13:43]: GL_STEREO 0
[29/09/17:13:44]: Starting GLFW 3.2.1 X11 GLX EGL clock_gettime /dev/js Xf86vm shared
[29/09/17:13:44]: GL Context Params:
[29/09/17:13:44]: GL_MAX_COMBINED_TEXTURE_IMAGE_UNITS 0
[29/09/17:13:44]: GL_MAX_CUBE_MAP_TEXTURE_SIZE 0
[29/09/17:13:44]: GL_MAX_DRAW_BUFFERS 0
[29/09/17:13:44]: GL_MAX_FRAGMENT_UNIFORM_COMPONENTS 0
[29/09/17:13:44]: GL_MAX_TEXTURE_IMAGE_UNITS 0
[29/09/17:13:44]: GL_MAX_TEXTURE_SIZE 0
[29/09/17:13:44]: GL_MAX_VARYING_FLOATS 0
[29/09/17:13:44]: GL_MAX_VERTEX_ATTRIBS 0
[29/09/17:13:44]: GL_MAX_VERTEX_TEXTURE_IMAGE_UNITS 0
[29/09/17:13:44]: GL_MAX_VERTEX_UNIFORM_COMPONENTS 0
[29/09/17:13:44]: GL_MAX_VIEWPORT_DIMS 0 0
[29/09/17:13:44]: GL_STEREO 0
[29/09/17:13:46]: Starting GLFW 3.2.1 X11 GLX EGL clock_gettime /dev/js Xf86vm shared
[29/09/17:13:46]: GL Context Params:
[29/09/17:13:46]: GL_MAX_COMBINED_TEXTURE_IMAGE_UNITS 0
[29/09/17:13:46]: GL_MAX_CUBE_MAP_TEXTURE_SIZE 0
[29/09/17:13:46]: GL_MAX_DRAW_BUFFERS 0
[29/09/17:13:46]: GL_MAX_FRAGMENT_UNIFORM_COMPONENTS 0
[29/09/17:13:46]: GL_MAX_TEXTURE_IMAGE_UNITS 0
[29/09/17:13:46]: GL_MAX_TEXTURE_SIZE 0
[29/09/17:13:46]: GL_MAX_VARYING_FLOATS 0
[29/09/17:13:46]: GL_MAX_VERTEX_ATTRIBS 0
[29/09/17:13:46]: GL_MAX_VERTEX_TEXTURE_IMAGE_UNITS 0
[29/09/17:13:46]: GL_MAX_VERTEX_UNIFORM_COMPONENTS 0
[29/09/17:13:46]: GL_MAX_VIEWPORT_DIMS 0 0
[29/09/17:13:46]: GL_STEREO 0
[29/09/17:13:47]: Starting GLFW 3.2.1 X11 GLX EGL clock_gettime /dev/js Xf86vm shared
[29/09/17:13:47]: GL Context Params:
[29/09/17:13:47]: GL_MAX_COMBINED_TEXTURE_IMAGE_UNITS 48
[29/09/17:13:47]: GL_MAX_CUBE_MAP_TEXTURE_SIZE 8192
[29/09/17:13:47]: GL_MAX_DRAW_BUFFERS 8
[29/09/17:13:47]: GL_MAX_FRAGMENT_UNIFORM_COMPONENTS 16384
[29/09/17:13:47]: GL_MAX_TEXTURE_IMAGE_UNITS 16
[29/09/17:13:47]: GL_MAX_TEXTURE_SIZE 8192
[29/09/17:13:47]: GL_MAX_VARYING_FLOATS 128
[29/09/17:13:47]: GL_MAX_VERTEX_ATTRIBS 16
[29/09/17:13:47]: GL_MAX_VERTEX_TEXTURE_IMAGE_UNITS 16
[29/09/17:13:47]: GL_MAX_VERTEX_UNIFORM_COMPONENTS 16384
[29/09/17:13:47]: GL_MAX_VIEWPORT_DIMS 16384 16384
[29/09/17:13:47]: GL_STEREO 0
[29/09/17:13:53]: Starting GLFW 3.2.1 X11 GLX EGL clock_gettime /dev/js Xf86vm shared
[29/09/17:13:53]: GL Context Params:
[29/09/17:13:53]: GL_MAX_COMBINED_TEXTURE_IMAGE_UNITS 48
[29/09/17:13:53]: GL_MAX_CUBE_MAP_TEXTURE_SIZE 8192
[29/09/17:13:53]: GL_MAX_DRAW_BUFFERS 8
[29/09/17:13:53]: GL_MAX_FRAGMENT_UNIFORM_COMPONENTS 16384
[29/09/17:13:53]: GL_MAX_TEXTURE_IMAGE_UNITS 16
[29/09/17:13:53]: GL_MAX_TEXTURE_SIZE 8192
[29/09/17:13:53]: GL_MAX_VARYING_FLOATS 128
[29/09/17:13:53]: GL_MAX_VERTEX_ATTRIBS 16
[29/09/17:13:53]: GL_MAX_VERTEX_TEXTURE_IMAGE_UNITS 16
[29/09/17:13:53]: GL_MAX_VERTEX_UNIFORM_COMPONENTS 16384
[29/09/17:13:53]: GL_MAX_VIEWPORT_DIMS 16384 16384
[29/09/17:13:53]: GL_STEREO 0
[29/09/17:14:43]: Starting GLFW 3.2.1 X11 GLX EGL clock_gettime /dev/js Xf86vm shared
[29/09/17:14:43]: GL Context Params:
[29/09/17:14:43]: GL_MAX_COMBINED_TEXTURE_IMAGE_UNITS 48
[29/09/17:14:43]: GL_MAX_CUBE_MAP_TEXTURE_SIZE 8192
[29/09/17:14:43]: GL_MAX_DRAW_BUFFERS 8
[29/09/17:14:43]: GL_MAX_FRAGMENT_UNIFORM_COMPONENTS 16384
[29/09/17:14:43]: GL_MAX_TEXTURE_IMAGE_UNITS 16
[29/09/17:14:43]: GL_MAX_TEXTURE_SIZE 8192
[29/09/17:14:43]: GL_MAX_VARYING_FLOATS 128
[29/09/17:14:43]: GL_MAX_VERTEX_ATTRIBS 16
[29/09/17:14:43]: GL_MAX_VERTEX_TEXTURE_IMAGE_UNITS 16
[29/09/17:14:43]: GL_MAX_VERTEX_UNIFORM_COMPONENTS 16384
[29/09/17:14:43]: GL_MAX_VIEWPORT_DIMS 16384 16384
[29/09/17:14:43]: GL_STEREO 0
[29/09/17:15:16]: Starting GLFW 3.2.1 X11 GLX EGL clock_gettime /dev/js Xf86vm shared
[29/09/17:15:16]: GL Context Params:
[29/09/17:15:16]: GL_MAX_COMBINED_TEXTURE_IMAGE_UNITS 48
[29/09/17:15:16]: GL_MAX_CUBE_MAP_TEXTURE_SIZE 8192
[29/09/17:15:16]: GL_MAX_DRAW_BUFFERS 8
[29/09/17:15:16]: GL_MAX_FRAGMENT_UNIFORM_COMPONENTS 16384
[29/09/17:15:16]: GL_MAX_TEXTURE_IMAGE_UNITS 16
[29/09/17:15:16]: GL_MAX_TEXTURE_SIZE 8192
[29/09/17:15:16]: GL_MAX_VARYING_FLOATS 128
[29/09/17:15:16]: GL_MAX_VERTEX_ATTRIBS 16
[29/09/17:15:16]: GL_MAX_VERTEX_TEXTURE_IMAGE_UNITS 16
[29/09/17:15:16]: GL_MAX_VERTEX_UNIFORM_COMPONENTS 16384
[29/09/17:15:16]: GL_MAX_VIEWPORT_DIMS 16384 16384
[29/09/17:15:16]: GL_STEREO 0
[29/09/17:15:16]: ------------------------------
shader programme 5 info:
[29/09/17:15:16]: GL_LINK_STATUS = 1
[29/09/17:15:16]: GL_ATTACHED_SHADERS = 2
[29/09/17:15:16]: GL_ACTIVE_ATTRIBUTES = 1
[29/09/17:15:16]:    0) type:vec3 name:vp location:0
[29/09/17:15:16]: GL_ACTIVE_UNIFORMS = 0
[29/09/17:16:57]: Starting GLFW 3.2.1 X11 GLX EGL clock_gettime /dev/js Xf86vm shared
[29/09/17:16:57]: GL Context Params:
[29/09/17:16:57]: GL_MAX_COMBINED_TEXTURE_IMAGE_UNITS 48
[29/09/17:16:57]: GL_MAX_CUBE_MAP_TEXTURE_SIZE 8192
[29/09/17:16:57]: GL_MAX_DRAW_BUFFERS 8
[29/09/17:16:57]: GL_MAX_FRAGMENT_UNIFORM_COMPONENTS 16384
[29/09/17:16:57]: GL_MAX_TEXTURE_IMAGE_UNITS 16
[29/09/17:16:57]: GL_MAX_TEXTURE_SIZE 8192
[29/09/17:16:57]: GL_MAX_VARYING_FLOATS 128
[29/09/17:16:57]: GL_MAX_VERTEX_ATTRIBS 16
[29/09/17:16:57]: GL_MAX_VERTEX_TEXTURE_IMAGE_UNITS 16
[29/09/17:16:57]: GL_MAX_VERTEX_UNIFORM_COMPONENTS 16384
[29/09/17:16:57]: GL_MAX_VIEWPORT_DIMS 16384 16384
[29/09/17:16:57]: GL_STEREO 0
[29/09/17:16:57]: ------------------------------
shader programme 5 info:
[29/09/17:16:57]: GL_LINK_STATUS = 1
[29/09/17:16:57]: GL_ATTACHED_SHADERS = 2
[29/09/17:16:57]: GL_ACTIVE_ATTRIBUTES = 1
[29/09/17:16:57]:    0) type:vec3 name:vp location:0
[29/09/17:16:57]: GL_ACTIVE_UNIFORMS = 0
[29/09/17:17:00]: Starting GLFW 3.2.1 X11 GLX EGL clock_gettime /dev/js Xf86vm shared
[29/09/17:17:00]: GL Context Params:
[29/09/17:17:00]: GL_MAX_COMBINED_TEXTURE_IMAGE_UNITS 48
[29/09/17:17:00]: GL_MAX_CUBE_MAP_TEXTURE_SIZE 8192
[29/09/17:17:00]: GL_MAX_DRAW_BUFFERS 8
[29/09/17:17:00]: GL_MAX_FRAGMENT_UNIFORM_COMPONENTS 16384
[29/09/17:17:00]: GL_MAX_TEXTURE_IMAGE_UNITS 16
[29/09/17:17:00]: GL_MAX_TEXTURE_SIZE 8192
[29/09/17:17:00]: GL_MAX_VARYING_FLOATS 128
[29/09/17:17:00]: GL_MAX_VERTEX_ATTRIBS 16
[29/09/17:17:00]: GL_MAX_VERTEX_TEXTURE_IMAGE_UNITS 16
[29/09/17:17:00]: GL_MAX_VERTEX_UNIFORM_COMPONENTS 16384
[29/09/17:17:00]: GL_MAX_VIEWPORT_DIMS 16384 16384
[29/09/17:17:00]: GL_STEREO 0
[29/09/17:17:00]: ------------------------------
shader programme 5 info:
[29/09/17:17:00]: GL_LINK_STATUS = 1
[29/09/17:17:00]: GL_ATTACHED_SHADERS = 2
[29/09/17:17:00]: GL_ACTIVE_ATTRIBUTES = 1
[29/09/17:17:00]:    0) type:vec3 name:vp location:0
[29/09/17:17:00]: GL_ACTIVE_UNIFORMS = 0
[29/09/17:18:50]: Starting GLFW 3.2.1 X11 GLX EGL clock_gettime /dev/js Xf86vm shared
[29/09/17:18:50]: GL Context Params:
[29/09/17:18:50]: GL_MAX_COMBINED_TEXTURE_IMAGE_UNITS 48
[29/09/17:18:50]: GL_MAX_CUBE_MAP_TEXTURE_SIZE 8192
[29/09/17:18:50]: GL_MAX_DRAW_BUFFERS 8
[29/09/17:18:50]: GL_MAX_FRAGMENT_UNIFORM_COMPONENTS 16384
[29/09/17:18:50]: GL_MAX_TEXTURE_IMAGE_UNITS 16
[29/09/17:18:50]: GL_MAX_TEXTURE_SIZE 8192
[29/09/17:18:50]: GL_MAX_VARYING_FLOATS 128
[29/09/17:18:50]: GL_MAX_VERTEX_ATTRIBS 16
[29/09/17:18:50]: GL_MAX_VERTEX_TEXTURE_IMAGE_UNITS 16
[29/09/17:18:50]: GL_MAX_VERTEX_UNIFORM_COMPONENTS 16384
[29/09/17:18:50]: GL_MAX_VIEWPORT_DIMS 16384 16384
[29/09/17:18:50]: GL_STEREO 0
[29/09/17:18:50]: ------------------------------
shader programme 3 info:
[29/09/17:18:50]: GL_LINK_STATUS = 1
[29/09/17:18:50]: GL_ATTACHED_SHADERS = 2
[29/09/17:18:50]: GL_ACTIVE_ATTRIBUTES = 2
[29/09/17:18:50]:    0) type:vec3 name:vertex_position location:0
[29/09/17:18:50]:    1) type:vec3 name:vertex_colour location:1
[29/09/17:18:50]: GL_ACTIVE_UNIFORMS = 0
[29/09/17:18:58]: Starting GLFW 3.2.1 X11 GLX EGL clock_gettime /dev/js Xf86vm shared
[29/09/17:18:58]: GL Context Params:
[29/09/17:18:58]: GL_MAX_COMBINED_TEXTURE_IMAGE_UNITS 48
[29/09/17:18:58]: GL_MAX_CUBE_MAP_TEXTURE_SIZE 8192
[29/09/17:18:58]: GL_MAX_DRAW_BUFFERS 8
[29/09/17:18:58]: GL_MAX_FRAGMENT_UNIFORM_COMPONENTS 16384
[29/09/17:18:58]: GL_MAX_TEXTURE_IMAGE_UNITS 16
[29/09/17:18:58]: GL_MAX_TEXTURE_SIZE 8192
[29/09/17:18:58]: GL_MAX_VARYING_FLOATS 128
[29/09/17:18:58]: GL_MAX_VERTEX_ATTRIBS 16
[29/09/17:18:58]: GL_MAX_VERTEX_TEXTURE_IMAGE_UNITS 16
[29/09/17:18:58]: GL_MAX_VERTEX_UNIFORM_COMPONENTS 16384
[29/09/17:18:58]: GL_MAX_VIEWPORT_DIMS 16384 16384
[29/09/17:18:58]: GL_STEREO 0
[29/09/17:18:58]: ------------------------------
shader programme 3 info:
[29/09/17:18:58]: GL_LINK_STATUS = 1
[29/09/17:18:58]: GL_ATTACHED_SHADERS = 2
[29/09/17:18:58]: GL_ACTIVE_ATTRIBUTES = 2
[29/09/17:18:58]:    0) type:vec3 name:vertex_position location:0
[29/09/17:18:58]:    1) type:vec3 name:vertex_colour location:1
[29/09/17:18:58]: GL_ACTIVE_UNIFORMS = 0
[29/09/17:18:59]: Starting GLFW 3.2.1 X11 GLX EGL clock_gettime /dev/js Xf86vm shared
[29/09/17:18:59]: GL Context Params:
[29/09/17:18:59]: GL_MAX_COMBINED_TEXTURE_IMAGE_UNITS 48
[29/09/17:18:59]: GL_MAX_CUBE_MAP_TEXTURE_SIZE 8192
[29/09/17:18:59]: GL_MAX_DRAW_BUFFERS 8
[29/09/17:18:59]: GL_MAX_FRAGMENT_UNIFORM_COMPONENTS 16384
[29/09/17:18:59]: GL_MAX_TEXTURE_IMAGE_UNITS 16
[29/09/17:18:59]: GL_MAX_TEXTURE_SIZE 8192
[29/09/17:18:59]: GL_MAX_VARYING_FLOATS 128
[29/09/17:18:59]: GL_MAX_VERTEX_ATTRIBS 16
[29/09/17:18:59]: GL_MAX_VERTEX_TEXTURE_IMAGE_UNITS 16
[29/09/17:18:59]: GL_MAX_VERTEX_UNIFORM_COMPONENTS 16384
[29/09/17:18:59]: GL_MAX_VIEWPORT_DIMS 16384 16384
[29/09/17:18:59]: GL_STEREO 0
[29/09/17:18:59]: ------------------------------
shader programme 3 info:
[29/09/17:18:59]: GL_LINK_STATUS = 1
[29/09/17:18:59]: GL_ATTACHED_SHADERS = 2
[29/09/17:18:59]: GL_ACTIVE_ATTRIBUTES = 2
[29/09/17:18:59]:    0) type:vec3 name:vertex_position location:0
[29/09/17:18:59]:    1) type:vec3 name:vertex_colour location:1
[29/09/17:18:59]: GL_ACTIVE_UNIFORMS = 0
[29/09/17:18:59]: Starting GLFW 3.2.1 X11 GLX EGL clock_gettime /dev/js Xf86vm shared
[29/09/17:18:59]: GL Context Params:
[29/09/17:18:59]: GL_MAX_COMBINED_TEXTURE_IMAGE_UNITS 48
[29/09/17:18:59]: GL_MAX_CUBE_MAP_TEXTURE_SIZE 8192
[29/09/17:18:59]: GL_MAX_DRAW_BUFFERS 8
[29/09/17:18:59]: GL_MAX_FRAGMENT_UNIFORM_COMPONENTS 16384
[29/09/17:18:59]: GL_MAX_TEXTURE_IMAGE_UNITS 16
[29/09/17:18:59]: GL_MAX_TEXTURE_SIZE 8192
[29/09/17:18:59]: GL_MAX_VARYING_FLOATS 128
[29/09/17:18:59]: GL_MAX_VERTEX_ATTRIBS 16
[29/09/17:18:59]: GL_MAX_VERTEX_TEXTURE_IMAGE_UNITS 16
[29/09/17:18:59]: GL_MAX_VERTEX_UNIFORM_COMPONENTS 16384
[29/09/17:18:59]: GL_MAX_VIEWPORT_DIMS 16384 16384
[29/09/17:18:59]: GL_STEREO 0
[29/09/17:18:59]: ------------------------------
shader programme 3 info:
[29/09/17:18:59]: GL_LINK_STATUS = 1
[29/09/17:18:59]: GL_ATTACHED_SHADERS = 2
[29/09/17:18:59]: GL_ACTIVE_ATTRIBUTES = 2
[29/09/17:18:59]:    0) type:vec3 name:vertex_position location:0
[29/09/17:18:59]:    1) type:vec3 name:vertex_colour location:1
[29/09/17:18:59]: GL_ACTIVE_UNIFORMS = 0
[30/09/17:17:43]: Starting GLFW 3.2.1 X11 GLX EGL clock_gettime /dev/js Xf86vm shared
[30/09/17:17:43]: GL Context Params:
[30/09/17:17:43]: GL_MAX_COMBINED_TEXTURE_IMAGE_UNITS 48
[30/09/17:17:43]: GL_MAX_CUBE_MAP_TEXTURE_SIZE 8192
[30/09/17:17:43]: GL_MAX_DRAW_BUFFERS 8
[30/09/17:17:43]: GL_MAX_FRAGMENT_UNIFORM_COMPONENTS 16384
[30/09/17:17:43]: GL_MAX_TEXTURE_IMAGE_UNITS 16
[30/09/17:17:43]: GL_MAX_TEXTURE_SIZE 8192
[30/09/17:17:43]: GL_MAX_VARYING_FLOATS 128
[30/09/17:17:43]: GL_MAX_VERTEX_ATTRIBS 16
[30/09/17:17:43]: GL_MAX_VERTEX_TEXTURE_IMAGE_UNITS 16
[30/09/17:17:43]: GL_MAX_VERTEX_UNIFORM_COMPONENTS 16384
[30/09/17:17:43]: GL_MAX_VIEWPORT_DIMS 16384 16384
[30/09/17:17:43]: GL_STEREO 0
[30/09/17:17:44]: Starting GLFW 3.2.1 X11 GLX EGL clock_gettime /dev/js Xf86vm shared
[30/09/17:17:44]: GL Context Params:
[30/09/17:17:44]: GL_MAX_COMBINED_TEXTURE_IMAGE_UNITS 48
[30/09/17:17:44]: GL_MAX_CUBE_MAP_TEXTURE_SIZE 8192
[30/09/17:17:44]: GL_MAX_DRAW_BUFFERS 8
[30/09/17:17:44]: GL_MAX_FRAGMENT_UNIFORM_COMPONENTS 16384
[30/09/17:17:44]: GL_MAX_TEXTURE_IMAGE_UNITS 16
[30/09/17:17:44]: GL_MAX_TEXTURE_SIZE 8192
[30/09/17:17:44]: GL_MAX_VARYING_FLOATS 128
[30/09/17:17:44]: GL_MAX_VERTEX_ATTRIBS 16
[30/09/17:17:44]: GL_MAX_VERTEX_TEXTURE_IMAGE_UNITS 16
[30/09/17:17:44]: GL_MAX_VERTEX_UNIFORM_COMPONENTS 16384
[30/09/17:17:44]: GL_MAX_VIEWPORT_DIMS 16384 16384
[30/09/17:17:44]: GL_STEREO 0
[30/09/17:17:44]: ------------------------------
shader programme 3 info:
[30/09/17:17:44]: GL_LINK_STATUS = 1
[30/09/17:17:44]: GL_ATTACHED_SHADERS = 2
[30/09/17:17:44]: GL_ACTIVE_ATTRIBUTES = 2
[30/09/17:17:44]:    0) type:vec3 name:vertex_position location:0
[30/09/17:17:44]:    1) type:vec3 name:vertex_colour location:1
[30/09/17:17:44]: GL_ACTIVE_UNIFORMS = 1
[30/09/17:17:52]: Starting GLFW 3.2.1 X11 GLX EGL clock_gettime /dev/js Xf86vm shared
[30/09/17:17:52]: GL Context Params:
[30/09/17:17:52]: GL_MAX_COMBINED_TEXTURE_IMAGE_UNITS 48
[30/09/17:17:52]: GL_MAX_CUBE_MAP_TEXTURE_SIZE 8192
[30/09/17:17:52]: GL_MAX_DRAW_BUFFERS 8
[30/09/17:17:52]: GL_MAX_FRAGMENT_UNIFORM_COMPONENTS 16384
[30/09/17:17:52]: GL_MAX_TEXTURE_IMAGE_UNITS 16
[30/09/17:17:52]: GL_MAX_TEXTURE_SIZE 8192
[30/09/17:17:52]: GL_MAX_VARYING_FLOATS 128
[30/09/17:17:52]: GL_MAX_VERTEX_ATTRIBS 16
[30/09/17:17:52]: GL_MAX_VERTEX_TEXTURE_IMAGE_UNITS 16
[30/09/17:17:52]: GL_MAX_VERTEX_UNIFORM_COMPONENTS 16384
[30/09/17:17:52]: GL_MAX_VIEWPORT_DIMS 16384 16384
[30/09/17:17:52]: GL_STEREO 0
[30/09/17:17:52]: ------------------------------
shader programme 3 info:
[30/09/17:17:52]: GL_LINK_STATUS = 1
[30/09/17:17:52]: GL_ATTACHED_SHADERS = 2
[30/09/17:17:52]: GL_ACTIVE_ATTRIBUTES = 2
[30/09/17:17:52]:    0) type:vec3 name:vertex_position location:0
[30/09/17:17:52]:    1) type:vec3 name:vertex_colour location:1
[30/09/17:17:52]: GL_ACTIVE_UNIFORMS = 1
[30/09/17:17:54]: Starting GLFW 3.2.1 X11 GLX EGL clock_gettime /dev/js Xf86vm shared
[30/09/17:17:54]: GL Context Params:
[30/09/17:17:54]: GL_MAX_COMBINED_TEXTURE_IMAGE_UNITS 48
[30/09/17:17:54]: GL_MAX_CUBE_MAP_TEXTURE_SIZE 8192
[30/09/17:17:54]: GL_MAX_DRAW_BUFFERS 8
[30/09/17:17:54]: GL_MAX_FRAGMENT_UNIFORM_COMPONENTS 16384
[30/09/17:17:54]: GL_MAX_TEXTURE_IMAGE_UNITS 16
[30/09/17:17:54]: GL_MAX_TEXTURE_SIZE 8192
[30/09/17:17:54]: GL_MAX_VARYING_FLOATS 128
[30/09/17:17:54]: GL_MAX_VERTEX_ATTRIBS 16
[30/09/17:17:54]: GL_MAX_VERTEX_TEXTURE_IMAGE_UNITS 16
[30/09/17:17:54]: GL_MAX_VERTEX_UNIFORM_COMPONENTS 16384
[30/09/17:17:54]: GL_MAX_VIEWPORT_DIMS 16384 16384
[30/09/17:17:54]: GL_STEREO 0
[30/09/17:17:54]: ------------------------------
shader programme 3 info:
[30/09/17:17:54]: GL_LINK_STATUS = 1
[30/09/17:17:54]: GL_ATTACHED_SHADERS = 2
[30/09/17:17:54]: GL_ACTIVE_ATTRIBUTES = 2
[30/09/17:17:54]:    0) type:vec3 name:vertex_position location:0
[30/09/17:17:54]:    1) type:vec3 name:vertex_colour location:1
[30/09/17:17:54]: GL_ACTIVE_UNIFORMS = 1
[30/09/17:17:56]: Starting GLFW 3.2.1 X11 GLX EGL clock_gettime /dev/js Xf86vm shared
[30/09/17:17:56]: GL Context Params:
[30/09/17:17:56]: GL_MAX_COMBINED_TEXTURE_IMAGE_UNITS 48
[30/09/17:17:56]: GL_MAX_CUBE_MAP_TEXTURE_SIZE 8192
[30/09/17:17:56]: GL_MAX_DRAW_BUFFERS 8
[30/09/17:17:56]: GL_MAX_FRAGMENT_UNIFORM_COMPONENTS 16384
[30/09/17:17:56]: GL_MAX_TEXTURE_IMAGE_UNITS 16
[30/09/17:17:56]: GL_MAX_TEXTURE_SIZE 8192
[30/09/17:17:56]: GL_MAX_VARYING_FLOATS 128
[30/09/17:17:56]: GL_MAX_VERTEX_ATTRIBS 16
[30/09/17:17:56]: GL_MAX_VERTEX_TEXTURE_IMAGE_UNITS 16
[30/09/17:17:56]: GL_MAX_VERTEX_UNIFORM_COMPONENTS 16384
[30/09/17:17:56]: GL_MAX_VIEWPORT_DIMS 16384 16384
[30/09/17:17:56]: GL_STEREO 0
[30/09/17:17:56]: ------------------------------
shader programme 3 info:
[30/09/17:17:56]: GL_LINK_STATUS = 1
[30/09/17:17:56]: GL_ATTACHED_SHADERS = 2
[30/09/17:17:56]: GL_ACTIVE_ATTRIBUTES = 2
[30/09/17:17:56]:    0) type:vec3 name:vertex_position location:0
[30/09/17:17:56]:    1) type:vec3 name:vertex_colour location:1
[30/09/17:17:56]: GL_ACTIVE_UNIFORMS = 1
[30/09/17:17:57]: Starting GLFW 3.2.1 X11 GLX EGL clock_gettime /dev/js Xf86vm shared
[30/09/17:17:57]: GL Context Params:
[30/09/17:17:57]: GL_MAX_COMBINED_TEXTURE_IMAGE_UNITS 48
[30/09/17:17:57]: GL_MAX_CUBE_MAP_TEXTURE_SIZE 8192
[30/09/17:17:57]: GL_MAX_DRAW_BUFFERS 8
[30/09/17:17:57]: GL_MAX_FRAGMENT_UNIFORM_COMPONENTS 16384
[30/09/17:17:57]: GL_MAX_TEXTURE_IMAGE_UNITS 16
[30/09/17:17:57]: GL_MAX_TEXTURE_SIZE 8192
[30/09/17:17:57]: GL_MAX_VARYING_FLOATS 128
[30/09/17:17:57]: GL_MAX_VERTEX_ATTRIBS 16
[30/09/17:17:57]: GL_MAX_VERTEX_TEXTURE_IMAGE_UNITS 16
[30/09/17:17:57]: GL_MAX_VERTEX_UNIFORM_COMPONENTS 16384
[30/09/17:17:57]: GL_MAX_VIEWPORT_DIMS 16384 16384
[30/09/17:17:57]: GL_STEREO 0
[30/09/17:17:57]: ------------------------------
shader programme 3 info:
[30/09/17:17:57]: GL_LINK_STATUS = 1
[30/09/17:17:57]: GL_ATTACHED_SHADERS = 2
[30/09/17:17:57]: GL_ACTIVE_ATTRIBUTES = 2
[30/09/17:17:57]:    0) type:vec3 name:vertex_position location:0
[30/09/17:17:57]:    1) type:vec3 name:vertex_colour location:1
[30/09/17:17:57]: GL_ACTIVE_UNIFORMS = 1
